2022-05-05 11:30:08,363 - INFO test_001_baiduSearch.py [line:17]: 
WebDriver 正在初始化...
2022-05-05 11:30:09,916 - INFO test_001_baiduSearch.py [line:19]: 打开链接: https://www.baidu.com...
2022-05-05 11:30:10,046 - INFO test_001_baiduSearch.py [line:24]: WebDriver 初始化完成！
2022-05-05 11:30:10,047 - INFO baiduIndex.py [line:24]: 【===搜索操作===】
2022-05-05 11:30:10,050 - INFO basePage.py [line:34]: 等待"[搜索框]"元素,定位方式:[('id', 'kw')]
2022-05-05 11:30:10,062 - INFO basePage.py [line:39]: 等待[搜索框]时长:[0:00:00.012447]
2022-05-05 11:30:10,062 - INFO basePage.py [line:74]: 查找[搜索框]元素，元素定位:[('id', 'kw')]
2022-05-05 11:30:10,065 - INFO basePage.py [line:128]: 清除[搜索框],元素定位:[('id', 'kw')]
2022-05-05 11:30:10,078 - INFO basePage.py [line:74]: 查找[搜索框]元素，元素定位:[('id', 'kw')]
2022-05-05 11:30:10,080 - INFO basePage.py [line:110]: 在[搜索框]输入[张三],元素定位:[('id', 'kw')]
2022-05-05 11:30:10,126 - INFO basePage.py [line:34]: 等待"["百度一下"搜索按钮]"元素,定位方式:[('id', 'su')]
2022-05-05 11:30:10,140 - INFO basePage.py [line:39]: 等待["百度一下"搜索按钮]时长:[0:00:00.013701]
2022-05-05 11:30:10,140 - INFO basePage.py [line:74]: 查找["百度一下"搜索按钮]元素，元素定位:[('id', 'su')]
2022-05-05 11:30:10,143 - INFO basePage.py [line:147]: 点击["百度一下"搜索按钮],元素定位:[('id', 'su')]
2022-05-05 11:30:13,235 - INFO baiduIndex.py [line:24]: 【===搜索操作===】
2022-05-05 11:30:13,253 - INFO basePage.py [line:34]: 等待"[搜索框]"元素,定位方式:[('id', 'kw')]
2022-05-05 11:30:13,264 - INFO basePage.py [line:39]: 等待[搜索框]时长:[0:00:00.011487]
2022-05-05 11:30:13,273 - INFO basePage.py [line:74]: 查找[搜索框]元素，元素定位:[('id', 'kw')]
2022-05-05 11:30:13,276 - INFO basePage.py [line:128]: 清除[搜索框],元素定位:[('id', 'kw')]
2022-05-05 11:30:13,309 - INFO basePage.py [line:74]: 查找[搜索框]元素，元素定位:[('id', 'kw')]
2022-05-05 11:30:13,317 - INFO basePage.py [line:110]: 在[搜索框]输入[李四],元素定位:[('id', 'kw')]
2022-05-05 11:30:13,352 - INFO basePage.py [line:34]: 等待"["百度一下"搜索按钮]"元素,定位方式:[('id', 'su')]
2022-05-05 11:30:13,360 - INFO basePage.py [line:39]: 等待["百度一下"搜索按钮]时长:[0:00:00.007325]
2022-05-05 11:30:13,360 - INFO basePage.py [line:74]: 查找["百度一下"搜索按钮]元素，元素定位:[('id', 'su')]
2022-05-05 11:30:13,362 - INFO basePage.py [line:147]: 点击["百度一下"搜索按钮],元素定位:[('id', 'su')]
2022-05-05 11:30:16,535 - INFO test_001_baiduSearch.py [line:27]: WebDriver 成功退出...
